*********Cooperative Chunks cc=10********
Sampling chunk --> files:169 Centroid:2.82 MB total:477.33 MB	ppq:17*p:1**cc:10
Time spent:7.072 chunk size:477.33 MB Throughput:539.96 MB
Sampling chunk --> files:31 Centroid:15.74 MB total:487.79 MB	ppq:3*p:1**cc:3
Time spent:4.515 chunk size:487.79 MB Throughput:864.3 MB
Sampling chunk --> files:13 Centroid:36.77 MB total:478 MB	ppq:1*p:1**cc:2
Time spent:4.582 chunk size:478 MB Throughput:834.57 MB
Sampling chunk --> files:2 Centroid:1.98 GB total:3.96 GB	ppq:0*p:1**cc:2
Time spent:11.007 chunk size:3.96 GB Throughput:2.88 GB
	main(0,5.661909140271493E8,18,[10,1,17],[32,32,255], '/home/earslan/Dropbox/Log_Based_Throughput_Optimization/CooperativeChannels/outputs')
*********Cooperative Chunks cc=10********
Sampling chunk --> files:169 Centroid:2.82 MB total:477.33 MB	ppq:17*p:1**cc:10
Time spent:6.978 chunk size:477.33 MB Throughput:547.24 MB
Sampling chunk --> files:31 Centroid:15.74 MB total:487.79 MB	ppq:3*p:1**cc:3
Time spent:5.929 chunk size:487.79 MB Throughput:658.17 MB
Sampling chunk --> files:13 Centroid:36.77 MB total:478 MB	ppq:1*p:1**cc:2
Time spent:4.341 chunk size:478 MB Throughput:880.9 MB
Sampling chunk --> files:2 Centroid:1.98 GB total:3.96 GB	ppq:0*p:1**cc:2
Time spent:10.292 chunk size:3.96 GB Throughput:3.08 GB
	main(0,5.738180200630554E8,18,[10,1,17],[32,32,32], '/home/earslan/Dropbox/Log_Based_Throughput_Optimization/CooperativeChannels/outputs')
*********Cooperative Chunks cc=10********
Sampling chunk --> files:169 Centroid:2.82 MB total:477.33 MB	ppq:17*p:1**cc:10
Time spent:9.095 chunk size:477.33 MB Throughput:419.86 MB
Sampling chunk --> files:31 Centroid:15.74 MB total:487.79 MB	ppq:3*p:1**cc:3
Time spent:4.951 chunk size:487.79 MB Throughput:788.19 MB
Sampling chunk --> files:13 Centroid:36.77 MB total:478 MB	ppq:1*p:1**cc:2
Time spent:5.702 chunk size:478 MB Throughput:670.64 MB
Sampling chunk --> files:2 Centroid:1.98 GB total:3.96 GB	ppq:0*p:1**cc:2
Time spent:14.566 chunk size:3.96 GB Throughput:2.18 GB
	main(0,4.4025312193512917E8,18,[10,1,17],[32,32,32], '/home/earslan/Dropbox/Log_Based_Throughput_Optimization/CooperativeChannels/outputs')
*********Cooperative Chunks cc=10********
Sampling chunk --> files:169 Centroid:2.82 MB total:477.33 MB	ppq:17*p:1**cc:10
Time spent:8.437 chunk size:477.33 MB Throughput:452.6 MB
Sampling chunk --> files:31 Centroid:15.74 MB total:487.79 MB	ppq:3*p:1**cc:3
Time spent:5.654 chunk size:487.79 MB Throughput:690.18 MB
Sampling chunk --> files:13 Centroid:36.77 MB total:478 MB	ppq:1*p:1**cc:2
Time spent:5.278 chunk size:478 MB Throughput:724.52 MB
Sampling chunk --> files:2 Centroid:1.98 GB total:3.96 GB	ppq:0*p:1**cc:2
Time spent:22.208 chunk size:3.96 GB Throughput:1.43 GB
*********Cooperative Chunks cc=10********
Sampling chunk --> files:169 Centroid:2.82 MB total:477.33 MB	ppq:17*p:1**cc:10
Time spent:7.646 chunk size:477.33 MB Throughput:499.43 MB
Sampling chunk --> files:31 Centroid:15.74 MB total:487.79 MB	ppq:3*p:1**cc:3
Time spent:5.18 chunk size:487.79 MB Throughput:753.34 MB
Sampling chunk --> files:13 Centroid:36.77 MB total:478 MB	ppq:1*p:1**cc:2
Time spent:5.662 chunk size:478 MB Throughput:675.38 MB
Sampling chunk --> files:2 Centroid:1.98 GB total:3.96 GB	ppq:0*p:1**cc:2
Time spent:29.019 chunk size:3.96 GB Throughput:1.09 GB
	main(0,5.2368586764321214E8,18,[10,1,17],[32,32,32], '/home/earslan/Dropbox/Log_Based_Throughput_Optimization/CooperativeChannels/outputs')
*********Cooperative Chunks cc=10********
Sampling chunk --> files:169 Centroid:2.82 MB total:477.33 MB	ppq:17*p:1**cc:10
Time spent:7.25 chunk size:477.33 MB Throughput:526.7 MB
Sampling chunk --> files:31 Centroid:15.74 MB total:487.79 MB	ppq:3*p:1**cc:3
Time spent:5.288 chunk size:487.79 MB Throughput:737.95 MB
Sampling chunk --> files:13 Centroid:36.77 MB total:478 MB	ppq:1*p:1**cc:2
Time spent:4.723 chunk size:478 MB Throughput:809.65 MB
Sampling chunk --> files:2 Centroid:1.98 GB total:3.96 GB	ppq:0*p:1**cc:2
Time spent:10.811 chunk size:3.96 GB Throughput:2.93 GB
	main(0,5.522899508965517E8,-1,[10,1,17],[32,32,32], '/home/earslan/Dropbox/Log_Based_Throughput_Optimization/CooperativeChannels/outputs')
*********Cooperative Chunks cc=10********
Sampling chunk --> files:169 Centroid:2.82 MB total:477.33 MB	ppq:17*p:1**cc:10
Time spent:7.984 chunk size:477.33 MB Throughput:478.28 MB
Sampling chunk --> files:31 Centroid:15.74 MB total:487.79 MB	ppq:3*p:1**cc:3
Time spent:5.626 chunk size:487.79 MB Throughput:693.62 MB
Sampling chunk --> files:13 Centroid:36.77 MB total:478 MB	ppq:1*p:1**cc:2
Time spent:4.886 chunk size:478 MB Throughput:782.64 MB
Sampling chunk --> files:2 Centroid:1.98 GB total:3.96 GB	ppq:0*p:1**cc:2
Time spent:24.835 chunk size:3.96 GB Throughput:1.28 GB
	main(0,5.015157995991984E8,-1,[10,1,17],[32,32,32], '/home/earslan/Dropbox/Log_Based_Throughput_Optimization/CooperativeChannels/outputs')
*********Cooperative Chunks cc=10********
Sampling chunk --> files:169 Centroid:2.82 MB total:477.33 MB	ppq:17*p:1**cc:10
Time spent:7.039 chunk size:477.33 MB Throughput:542.49 MB
Sampling chunk --> files:31 Centroid:15.74 MB total:487.79 MB	ppq:3*p:1**cc:3
Time spent:4.925 chunk size:487.79 MB Throughput:792.35 MB
Sampling chunk --> files:13 Centroid:36.77 MB total:478 MB	ppq:1*p:1**cc:2
Time spent:5.108 chunk size:478 MB Throughput:748.63 MB
Sampling chunk --> files:2 Centroid:1.98 GB total:3.96 GB	ppq:0*p:1**cc:2
Time spent:11.378 chunk size:3.96 GB Throughput:2.79 GB
	main(0,5.688453109816736E8,-1,[10,1,17],[32,32,32], '/home/earslan/Dropbox/Log_Based_Throughput_Optimization/CooperativeChannels/outputs')
	main(1,8.308351350253807E8,-1,[3,1,3],[32,32,32], '/home/earslan/Dropbox/Log_Based_Throughput_Optimization/CooperativeChannels/outputs')
	main(2,7.849950321064997E8,-1,[2,1,1],[32,32,32], '/home/earslan/Dropbox/Log_Based_Throughput_Optimization/CooperativeChannels/outputs')
	main(3,2.992376755141501E9,-1,[2,1,0],[32,32,32], '/home/earslan/Dropbox/Log_Based_Throughput_Optimization/CooperativeChannels/outputs')
*********Cooperative Chunks cc=10********
Sampling chunk --> files:169 Centroid:2.82 MB total:477.33 MB	ppq:17*p:1**cc:10
Time spent:9.546 chunk size:477.33 MB Throughput:400.02 MB
Sampling chunk --> files:31 Centroid:15.74 MB total:487.79 MB	ppq:3*p:1**cc:3
Time spent:5.143 chunk size:487.79 MB Throughput:758.76 MB
Sampling chunk --> files:13 Centroid:36.77 MB total:478 MB	ppq:1*p:1**cc:2
Time spent:6.081 chunk size:478 MB Throughput:628.84 MB
Sampling chunk --> files:2 Centroid:1.98 GB total:3.96 GB	ppq:0*p:1**cc:2
Time spent:24.74 chunk size:3.96 GB Throughput:1.28 GB
*********Cooperative Chunks cc=10********
Sampling chunk --> files:169 Centroid:2.82 MB total:477.33 MB	ppq:17*p:1**cc:10
Time spent:7.652 chunk size:477.33 MB Throughput:499.03 MB
Sampling chunk --> files:31 Centroid:15.74 MB total:487.79 MB	ppq:3*p:1**cc:3
Time spent:5.191 chunk size:487.79 MB Throughput:751.74 MB
Sampling chunk --> files:13 Centroid:36.77 MB total:478 MB	ppq:1*p:1**cc:2
Time spent:4.757 chunk size:478 MB Throughput:803.87 MB
Sampling chunk --> files:2 Centroid:1.98 GB total:3.96 GB	ppq:0*p:1**cc:2
Time spent:36.026 chunk size:3.96 GB Throughput:901.29 MB
	main(0,[D@1295709d,-1,[10,1,17],[32,32,32], '/home/earslan/Dropbox/Log_Based_Throughput_Optimization/CooperativeChannels/outputs')
*********Cooperative Chunks cc=10********
Sampling chunk --> files:169 Centroid:2.82 MB total:477.33 MB	ppq:17*p:1**cc:10
Time spent:7.139 chunk size:477.33 MB Throughput:534.89 MB
Sampling chunk --> files:31 Centroid:15.74 MB total:487.79 MB	ppq:3*p:1**cc:3
Time spent:4.781 chunk size:487.79 MB Throughput:816.21 MB
Sampling chunk --> files:13 Centroid:36.77 MB total:478 MB	ppq:1*p:1**cc:2
Time spent:5.536 chunk size:478 MB Throughput:690.75 MB
Sampling chunk --> files:2 Centroid:1.98 GB total:3.96 GB	ppq:0*p:1**cc:2
Time spent:12.909 chunk size:3.96 GB Throughput:2.46 GB
	main(0,5.608771738338703E8,-1,[10,1,17],[32,32,32], '/home/earslan/Dropbox/Log_Based_Throughput_Optimization/CooperativeChannels/outputs')
*********Cooperative Chunks cc=10********
Sampling chunk --> files:169 Centroid:2.82 MB total:477.33 MB	ppq:17*p:1**cc:10
Time spent:6.674 chunk size:477.33 MB Throughput:572.16 MB
Sampling chunk --> files:31 Centroid:15.74 MB total:487.79 MB	ppq:3*p:1**cc:3
Time spent:5.048 chunk size:487.79 MB Throughput:773.04 MB
Sampling chunk --> files:13 Centroid:36.77 MB total:478 MB	ppq:1*p:1**cc:2
Time spent:24.442 chunk size:478 MB Throughput:156.45 MB
Sampling chunk --> files:2 Centroid:1.98 GB total:3.96 GB	ppq:0*p:1**cc:2
Time spent:40.538 chunk size:3.96 GB Throughput:800.98 MB
	main(0,5.999553706922385E8,-1,[10,1,17],[32,32,32], '/home/earslan/Dropbox/Log_Based_Throughput_Optimization/CooperativeChannels/outputs')
	main(1,8.105909350237718E8,-1,[3,1,3],[32,32,32], '/home/earslan/Dropbox/Log_Based_Throughput_Optimization/CooperativeChannels/outputs')
	main(2,1.6405182161852548E8,-1,[2,1,1],[32,32,32], '/home/earslan/Dropbox/Log_Based_Throughput_Optimization/CooperativeChannels/outputs')
	main(3,8.398851132270956E8,-1,[2,1,0],[32,32,32], '/home/earslan/Dropbox/Log_Based_Throughput_Optimization/CooperativeChannels/outputs')
*********Cooperative Chunks cc=10********
Sampling chunk --> files:169 Centroid:2.82 MB total:477.33 MB	ppq:17*p:1**cc:10
Time spent:7.447 chunk size:477.33 MB Throughput:512.77 MB
Sampling chunk --> files:31 Centroid:15.74 MB total:487.79 MB	ppq:3*p:1**cc:3
*********Cooperative Chunks cc=10********
Sampling chunk --> files:169 Centroid:2.82 MB total:477.33 MB	ppq:17*p:1**cc:10
Time spent:6.844 chunk size:477.33 MB Throughput:557.95 MB
Sampling chunk --> files:31 Centroid:15.74 MB total:487.79 MB	ppq:3*p:1**cc:3
Time spent:5.215 chunk size:487.79 MB Throughput:748.28 MB
Sampling chunk --> files:13 Centroid:36.77 MB total:478 MB	ppq:1*p:1**cc:2
Time spent:4.599 chunk size:478 MB Throughput:831.49 MB
Sampling chunk --> files:2 Centroid:1.98 GB total:3.96 GB	ppq:0*p:1**cc:2
Time spent:10.959 chunk size:3.96 GB Throughput:2.89 GB
	main(0,5.850529140853302E8,18,[10,1,17],[32,32,32], '/home/earslan/Dropbox/Log_Based_Throughput_Optimization/CooperativeChannels/outputs')
	main(1,7.846333729626079E8,18,[3,1,3],[32,32,32], '/home/earslan/Dropbox/Log_Based_Throughput_Optimization/CooperativeChannels/outputs')
	main(2,8.718753259404218E8,18,[2,1,1],[32,32,32], '/home/earslan/Dropbox/Log_Based_Throughput_Optimization/CooperativeChannels/outputs')
	main(3,3.106785538826535E9,18,[2,1,0],[32,32,32], '/home/earslan/Dropbox/Log_Based_Throughput_Optimization/CooperativeChannels/outputs')
*********Cooperative Chunks cc=10********
Sampling chunk --> files:169 Centroid:2.82 MB total:477.33 MB	ppq:17*p:1**cc:10
Time spent:8.54 chunk size:477.33 MB Throughput:447.14 MB
Sampling chunk --> files:31 Centroid:15.74 MB total:487.79 MB	ppq:3*p:1**cc:3
Time spent:7.726 chunk size:487.79 MB Throughput:505.09 MB
Sampling chunk --> files:13 Centroid:36.77 MB total:478 MB	ppq:1*p:1**cc:2
Time spent:5.14 chunk size:478 MB Throughput:743.97 MB
Sampling chunk --> files:2 Centroid:1.98 GB total:3.96 GB	ppq:0*p:1**cc:2
Time spent:39.7 chunk size:3.96 GB Throughput:817.88 MB
	main(0,4.688644196721312E8,18,[10,1,17],[32,32,32], '/home/earslan/Dropbox/Log_Based_Throughput_Optimization/CooperativeChannels/outputs')
	main(1,5.296224488739322E8,18,[3,1,3],[32,32,32], '/home/earslan/Dropbox/Log_Based_Throughput_Optimization/CooperativeChannels/outputs')
	main(2,7.801079035019456E8,18,[2,1,1],[32,32,32], '/home/earslan/Dropbox/Log_Based_Throughput_Optimization/CooperativeChannels/outputs')
	main(3,8.576136705289671E8,18,[2,1,0],[32,32,32], '/home/earslan/Dropbox/Log_Based_Throughput_Optimization/CooperativeChannels/outputs')
*********Cooperative Chunks cc=10********
Sampling chunk --> files:169 Centroid:2.82 MB total:477.33 MB	ppq:17*p:1**cc:10
Time spent:27.35 chunk size:477.33 MB Throughput:139.62 MB
Sampling chunk --> files:31 Centroid:15.74 MB total:487.79 MB	ppq:3*p:1**cc:3
Time spent:5.356 chunk size:487.79 MB Throughput:728.59 MB
Sampling chunk --> files:13 Centroid:36.77 MB total:478 MB	ppq:1*p:1**cc:2
Time spent:5.735 chunk size:478 MB Throughput:666.78 MB
Sampling chunk --> files:2 Centroid:1.98 GB total:3.96 GB	ppq:0*p:1**cc:2
Time spent:33.239 chunk size:3.96 GB Throughput:976.86 MB
	main(0,1.4640227217550275E8,18,[10,1,17],[32,32,32], '/home/earslan/Dropbox/Log_Based_Throughput_Optimization/CooperativeChannels/outputs')
	main(1,7.639774159820762E8,18,[3,1,3],[32,32,32], '/home/earslan/Dropbox/Log_Based_Throughput_Optimization/CooperativeChannels/outputs')
	main(2,6.991725586748039E8,18,[2,1,1],[32,32,32], '/home/earslan/Dropbox/Log_Based_Throughput_Optimization/CooperativeChannels/outputs')
	main(3,1.0243166978549296E9,18,[2,1,0],[32,32,32], '/home/earslan/Dropbox/Log_Based_Throughput_Optimization/CooperativeChannels/outputs')
*********Cooperative Chunks cc=10********
Sampling chunk --> files:169 Centroid:2.82 MB total:477.33 MB	ppq:17*p:1**cc:10
Time spent:7.016 chunk size:477.33 MB Throughput:544.27 MB
Sampling chunk --> files:31 Centroid:15.74 MB total:487.79 MB	ppq:3*p:1**cc:3
Time spent:4.882 chunk size:487.79 MB Throughput:799.33 MB
Sampling chunk --> files:13 Centroid:36.77 MB total:478 MB	ppq:1*p:1**cc:2
Time spent:4.67 chunk size:478 MB Throughput:818.84 MB
Sampling chunk --> files:2 Centroid:1.98 GB total:3.96 GB	ppq:0*p:1**cc:2
Time spent:22.79 chunk size:3.96 GB Throughput:1.39 GB
	main(0,5.707101117445838E8,18,[10,1,17],[32,32,32], '/home/earslan/Dropbox/Log_Based_Throughput_Optimization/CooperativeChannels/outputs')
	main(1,8.38153019254404E8,18,[3,1,3],[32,32,32], '/home/earslan/Dropbox/Log_Based_Throughput_Optimization/CooperativeChannels/outputs')
	main(2,8.586198338329765E8,18,[2,1,1],[32,32,32], '/home/earslan/Dropbox/Log_Based_Throughput_Optimization/CooperativeChannels/outputs')
	main(3,1.4939562404563406E9,18,[2,1,0],[32,32,32], '/home/earslan/Dropbox/Log_Based_Throughput_Optimization/CooperativeChannels/outputs')
*********Cooperative Chunks cc=10********
Sampling chunk --> files:169 Centroid:2.82 MB total:477.33 MB	ppq:17*p:1**cc:10
Time spent:9.113 chunk size:477.33 MB Throughput:419.03 MB
Sampling chunk --> files:31 Centroid:15.74 MB total:487.79 MB	ppq:3*p:1**cc:3
Time spent:7.264 chunk size:487.79 MB Throughput:537.21 MB
Sampling chunk --> files:13 Centroid:36.77 MB total:478 MB	ppq:1*p:1**cc:2
Time spent:6.739 chunk size:478 MB Throughput:567.44 MB
Sampling chunk --> files:2 Centroid:1.98 GB total:3.96 GB	ppq:0*p:1**cc:2
Time spent:28.161 chunk size:3.96 GB Throughput:1.13 GB
	main(0,4.3938353385273784E8,18,[10,1,17],[32,32,32], '/home/earslan/Dropbox/Log_Based_Throughput_Optimization/CooperativeChannels/outputs')
	main(1,5.633071365638766E8,18,[3,1,3],[32,32,32], '/home/earslan/Dropbox/Log_Based_Throughput_Optimization/CooperativeChannels/outputs')
	main(2,5.950073637038137E8,18,[2,1,1],[32,32,32], '/home/earslan/Dropbox/Log_Based_Throughput_Optimization/CooperativeChannels/outputs')
	main(3,1.2090217932601824E9,18,[2,1,0],[32,32,32], '/home/earslan/Dropbox/Log_Based_Throughput_Optimization/CooperativeChannels/outputs')
*********Cooperative Chunks cc=10********
Sampling chunk --> files:169 Centroid:2.82 MB total:477.33 MB	ppq:17*p:1**cc:10
Time spent:10.24 chunk size:477.33 MB Throughput:372.91 MB
Sampling chunk --> files:31 Centroid:15.74 MB total:487.79 MB	ppq:3*p:1**cc:3
Time spent:8.041 chunk size:487.79 MB Throughput:485.3 MB
Sampling chunk --> files:13 Centroid:36.77 MB total:478 MB	ppq:1*p:1**cc:2
Time spent:4.948 chunk size:478 MB Throughput:772.84 MB
Sampling chunk --> files:2 Centroid:1.98 GB total:3.96 GB	ppq:0*p:1**cc:2
Time spent:48.585 chunk size:3.96 GB Throughput:668.31 MB
	main(0,3.910256E8,18,[10,1,17],[32,32,32], '/home/earslan/Dropbox/Log_Based_Throughput_Optimization/CooperativeChannels/outputs')
	main(1,5.088748961571944E8,18,[3,1,3],[32,32,32], '/home/earslan/Dropbox/Log_Based_Throughput_Optimization/CooperativeChannels/outputs')
	main(2,8.103788649959579E8,18,[2,1,1],[32,32,32], '/home/earslan/Dropbox/Log_Based_Throughput_Optimization/CooperativeChannels/outputs')
	main(3,7.007772505917464E8,18,[2,1,0],[32,32,32], '/home/earslan/Dropbox/Log_Based_Throughput_Optimization/CooperativeChannels/outputs')
*********Cooperative Chunks cc=10********
Sampling chunk --> files:169 Centroid:2.82 MB total:477.33 MB	ppq:17*p:1**cc:10
Time spent:10.355 chunk size:477.33 MB Throughput:368.77 MB
Sampling chunk --> files:31 Centroid:15.74 MB total:487.79 MB	ppq:3*p:1**cc:3
Time spent:5.259 chunk size:487.79 MB Throughput:742.02 MB
Sampling chunk --> files:13 Centroid:36.77 MB total:478 MB	ppq:1*p:1**cc:2
Time spent:5.511 chunk size:478 MB Throughput:693.88 MB
Sampling chunk --> files:2 Centroid:1.98 GB total:3.96 GB	ppq:0*p:1**cc:2
Time spent:24.964 chunk size:3.96 GB Throughput:1.27 GB
	main(0,3.8668296900048286E8,18,[10,1,17],[32,32,32], '/home/earslan/Dropbox/Log_Based_Throughput_Optimization/CooperativeChannels/outputs')
	main(1,7.780686518349496E8,18,[3,1,3],[32,32,32], '/home/earslan/Dropbox/Log_Based_Throughput_Optimization/CooperativeChannels/outputs')
*********Cooperative Chunks cc=10********
*********Cooperative Chunks cc=10********
*********Cooperative Chunks cc=10********
Sampling chunk --> files:169 Centroid:2.82 MB total:477.33 MB	ppq:17*p:1**cc:10
Time spent:10.632 chunk size:477.33 MB Throughput:359.16 MB
Sampling chunk --> files:31 Centroid:15.74 MB total:487.79 MB	ppq:3*p:1**cc:3
Time spent:4.917 chunk size:487.79 MB Throughput:793.64 MB
Sampling chunk --> files:13 Centroid:36.77 MB total:478 MB	ppq:1*p:1**cc:2
Time spent:16.346 chunk size:478 MB Throughput:233.94 MB
Sampling chunk --> files:2 Centroid:1.98 GB total:3.96 GB	ppq:0*p:1**cc:2
Time spent:44.231 chunk size:3.96 GB Throughput:734.1 MB
*********Cooperative Chunks cc=10********
Sampling chunk --> files:169 Centroid:2.82 MB total:477.33 MB	ppq:17*p:1**cc:10
Time spent:7.261 chunk size:477.33 MB Throughput:525.91 MB
Sampling chunk --> files:31 Centroid:15.74 MB total:487.79 MB	ppq:3*p:1**cc:3
Time spent:7.258 chunk size:487.79 MB Throughput:537.66 MB
Sampling chunk --> files:13 Centroid:36.77 MB total:478 MB	ppq:1*p:1**cc:2
Time spent:4.645 chunk size:478 MB Throughput:823.25 MB
Sampling chunk --> files:2 Centroid:1.98 GB total:3.96 GB	ppq:0*p:1**cc:2
Time spent:25.308 chunk size:3.96 GB Throughput:1.25 GB
*********Cooperative Chunks cc=10********
Sampling chunk --> files:169 Centroid:2.82 MB total:477.33 MB	ppq:17*p:1**cc:10
*********Cooperative Chunks cc=10********
*********Cooperative Chunks cc=10********
*********Cooperative Chunks cc=10********
*********Cooperative Chunks cc=10********
*********Cooperative Chunks cc=10********
*********Cooperative Chunks cc=10********
*********Cooperative Chunks cc=10********
*********Cooperative Chunks cc=10********
	main(0,0.0,19,[10,1,17],[32,32,32], '/home/earslan/Dropbox/Log_Based_Throughput_Optimization/CooperativeChannels/outputs')
	main(1,0.0,19,[3,1,3],[32,32,32], '/home/earslan/Dropbox/Log_Based_Throughput_Optimization/CooperativeChannels/outputs')
	main(2,0.0,19,[2,1,1],[32,32,32], '/home/earslan/Dropbox/Log_Based_Throughput_Optimization/CooperativeChannels/outputs')
	main(3,0.0,19,[2,1,0],[32,32,32], '/home/earslan/Dropbox/Log_Based_Throughput_Optimization/CooperativeChannels/outputs')
*********Cooperative Chunks cc=10********
Sampling chunk --> files:169 Centroid:2.82 MB total:477.33 MB	ppq:17*p:1**cc:10
Time spent:14.271 chunk size:477.33 MB Throughput:267.58 MB
Sampling chunk --> files:31 Centroid:15.74 MB total:487.79 MB	ppq:3*p:1**cc:3
Time spent:5.399 chunk size:487.79 MB Throughput:722.78 MB
Sampling chunk --> files:13 Centroid:36.77 MB total:478 MB	ppq:1*p:1**cc:2
Time spent:5.04 chunk size:478 MB Throughput:758.73 MB
Sampling chunk --> files:2 Centroid:1.98 GB total:3.96 GB	ppq:0*p:1**cc:2
Time spent:32.621 chunk size:3.96 GB Throughput:995.37 MB
	main(0,2.8057614350781304E8,19,[10,1,17],[32,32,32], '/home/earslan/Dropbox/Log_Based_Throughput_Optimization/CooperativeChannels/outputs')
	main(1,7.578927653269124E8,19,[3,1,3],[32,32,32], '/home/earslan/Dropbox/Log_Based_Throughput_Optimization/CooperativeChannels/outputs')
	main(2,7.955862349206349E8,19,[2,1,1],[32,32,32], '/home/earslan/Dropbox/Log_Based_Throughput_Optimization/CooperativeChannels/outputs')
	main(3,1.0437222255602219E9,19,[2,1,0],[32,32,32], '/home/earslan/Dropbox/Log_Based_Throughput_Optimization/CooperativeChannels/outputs')
*********Cooperative Chunks cc=10********
*********Cooperative Chunks cc=10********
*********Cooperative Chunks cc=10********
*********Cooperative Chunks cc=10********
*********Cooperative Chunks cc=10********
	main(0,0.0,19,[10,1,17],[32,32,32], '/home/earslan/Dropbox/Log_Based_Throughput_Optimization/CooperativeChannels/outputs')
*********Cooperative Chunks cc=10********
*********Cooperative Chunks cc=10********
*********Cooperative Chunks cc=10********
*********Cooperative Chunks cc=10********
*********Cooperative Chunks cc=10********
*********Cooperative Chunks cc=10********
*********Cooperative Chunks cc=10********
*********Cooperative Chunks cc=10********
*********Cooperative Chunks cc=10********
*********Cooperative Chunks cc=10********
*********Cooperative Chunks cc=10********
*********Cooperative Chunks cc=10********
*********Cooperative Chunks cc=10********
*********Cooperative Chunks cc=10********
*********Cooperative Chunks cc=10********
*********Cooperative Chunks cc=10********
*********Cooperative Chunks cc=10********
*********Cooperative Chunks cc=10********
*********Cooperative Chunks cc=10********
*********Cooperative Chunks cc=10********
*********Cooperative Chunks cc=10********
*********Cooperative Chunks cc=10********
*********Cooperative Chunks cc=10********
*********Cooperative Chunks cc=10********
*********Cooperative Chunks cc=10********
	main(0,0.0,7,[10,1,17],[32,32,32], '/home/earslan/Dropbox/Log_Based_Throughput_Optimization/CooperativeChannels/outputs')
	main(1,0.0,11,[3,1,3],[32,32,32], '/home/earslan/Dropbox/Log_Based_Throughput_Optimization/CooperativeChannels/outputs')
	main(2,0.0,10,[2,1,1],[32,32,32], '/home/earslan/Dropbox/Log_Based_Throughput_Optimization/CooperativeChannels/outputs')
	main(3,0.0,18,[2,1,0],[16,32,15], '/home/earslan/Dropbox/Log_Based_Throughput_Optimization/CooperativeChannels/outputs')
*********Cooperative Chunks cc=10********
Sampling chunk --> files:169 Centroid:2.82 MB total:477.33 MB	ppq:17*p:1**cc:10
Time spent:7.044 chunk size:477.33 MB Throughput:542.11 MB
Sampling chunk --> files:31 Centroid:15.74 MB total:487.79 MB	ppq:3*p:1**cc:3
Time spent:5.109 chunk size:487.79 MB Throughput:763.81 MB
Sampling chunk --> files:13 Centroid:36.77 MB total:478 MB	ppq:1*p:1**cc:2
Time spent:7.564 chunk size:478 MB Throughput:505.55 MB
Sampling chunk --> files:2 Centroid:1.98 GB total:3.96 GB	ppq:0*p:1**cc:2
Time spent:15.88 chunk size:3.96 GB Throughput:2 GB
	main(0,5.684415309483248E8,7,[10,1,17],[32,32,32], '/home/earslan/Dropbox/Log_Based_Throughput_Optimization/CooperativeChannels/outputs')
	main(1,8.009127109023292E8,10,[3,1,3],[32,32,32], '/home/earslan/Dropbox/Log_Based_Throughput_Optimization/CooperativeChannels/outputs')
	main(2,5.301103416181914E8,10,[2,1,1],[32,32,32], '/home/earslan/Dropbox/Log_Based_Throughput_Optimization/CooperativeChannels/outputs')
	main(3,2.144034176322418E9,20,[2,1,0],[16,32,15], '/home/earslan/Dropbox/Log_Based_Throughput_Optimization/CooperativeChannels/outputs')
*********Cooperative Chunks cc=10********
Sampling chunk --> files:169 Centroid:2.82 MB total:477.33 MB	ppq:17*p:1**cc:10
Time spent:10.401 chunk size:477.33 MB Throughput:367.14 MB
Sampling chunk --> files:31 Centroid:15.74 MB total:487.79 MB	ppq:3*p:1**cc:3
Time spent:6.412 chunk size:487.79 MB Throughput:608.59 MB
Sampling chunk --> files:13 Centroid:36.77 MB total:478 MB	ppq:1*p:1**cc:2
Time spent:6.008 chunk size:478 MB Throughput:636.48 MB
Sampling chunk --> files:2 Centroid:1.98 GB total:3.96 GB	ppq:0*p:1**cc:2
Time spent:26.458 chunk size:3.96 GB Throughput:1.2 GB
	main(0,3.849728049226036E8,7,[10,1,17],[32,32,32], '/home/earslan/Dropbox/Log_Based_Throughput_Optimization/CooperativeChannels/outputs')
	main(1,6.381570555208983E8,11,[3,1,3],[32,32,32], '/home/earslan/Dropbox/Log_Based_Throughput_Optimization/CooperativeChannels/outputs')
	main(2,6.674025672436751E8,25,[2,1,1],[32,32,32], '/home/earslan/Dropbox/Log_Based_Throughput_Optimization/CooperativeChannels/outputs')
	main(3,1.286841889787588E9,31,[2,1,0],[32,32,32], '/home/earslan/Dropbox/Log_Based_Throughput_Optimization/CooperativeChannels/outputs')
*********Cooperative Chunks cc=10********
*********Cooperative Chunks cc=10********
*********Cooperative Chunks cc=10********
*********Cooperative Chunks cc=10********
*********Cooperative Chunks cc=10********
*********Cooperative Chunks cc=10********
*********Cooperative Chunks cc=10********
*********Cooperative Chunks cc=10********
*********Cooperative Chunks cc=10********
Sampling chunk --> files:169 Centroid:2.82 MB total:477.33 MB	ppq:17*p:1**cc:10
Time spent:7.155 chunk size:477.33 MB Throughput:533.7 MB
Sampling chunk --> files:31 Centroid:15.74 MB total:487.79 MB	ppq:3*p:1**cc:3
Time spent:5.639 chunk size:487.79 MB Throughput:692.02 MB
Sampling chunk --> files:13 Centroid:36.77 MB total:478 MB	ppq:1*p:1**cc:2
Time spent:6.588 chunk size:478 MB Throughput:580.45 MB
Sampling chunk --> files:2 Centroid:1.98 GB total:3.96 GB	ppq:0*p:1**cc:2
Time spent:50.754 chunk size:3.96 GB Throughput:639.75 MB
	main(0,5.59622941160028E8,7,[10,1,17],[32,32,32], '/home/earslan/Dropbox/Log_Based_Throughput_Optimization/CooperativeChannels/outputs')
	main(1,7.256362901223621E8,10,[3,1,3],[32,32,32], '/home/earslan/Dropbox/Log_Based_Throughput_Optimization/CooperativeChannels/outputs')
	main(2,6.086452070431087E8,26,[2,1,1],[32,32,32], '/home/earslan/Dropbox/Log_Based_Throughput_Optimization/CooperativeChannels/outputs')
	main(3,6.708291508058479E8,18,[2,1,0],[16,32,15], '/home/earslan/Dropbox/Log_Based_Throughput_Optimization/CooperativeChannels/outputs')
*********Cooperative Chunks cc=10********
Sampling chunk --> files:169 Centroid:2.82 MB total:477.33 MB	ppq:17*p:1**cc:10
Time spent:8.563 chunk size:477.33 MB Throughput:445.94 MB
Sampling chunk --> files:31 Centroid:15.74 MB total:487.79 MB	ppq:3*p:1**cc:3
Time spent:7.927 chunk size:487.79 MB Throughput:492.28 MB
Sampling chunk --> files:13 Centroid:36.77 MB total:478 MB	ppq:1*p:1**cc:2
Time spent:4.969 chunk size:478 MB Throughput:769.57 MB
Sampling chunk --> files:2 Centroid:1.98 GB total:3.96 GB	ppq:0*p:1**cc:2
Time spent:31.945 chunk size:3.96 GB Throughput:1016.43 MB
	main(0,4.6760506177741444E8,7,[10,1,17],[32,32,32], '/home/earslan/Dropbox/Log_Based_Throughput_Optimization/CooperativeChannels/outputs')
	main(1,5.1619314242462474E8,10,[3,1,3],[32,32,32], '/home/earslan/Dropbox/Log_Based_Throughput_Optimization/CooperativeChannels/outputs')
	main(2,8.069540398470516E8,25,[2,1,1],[32,32,32], '/home/earslan/Dropbox/Log_Based_Throughput_Optimization/CooperativeChannels/outputs')
	main(3,1.0658088189074973E9,32,[2,1,0],[32,32,32], '/home/earslan/Dropbox/Log_Based_Throughput_Optimization/CooperativeChannels/outputs')
